/hsm/nu/ninja/pra_tmp/CC0pi_20221213/detsys/MPPCNoise/nominal/output/output_mode6.root
/hsm/nu/ninja/pra_tmp/CC0pi_20221213/detsys/MPPCNoise/plus/output/output_mode6.root
/hsm/nu/ninja/pra_tmp/CC0pi_20221213/detsys/MPPCNoise/minus/output/output_mode6.root
/hsm/nu/ninja/pra_tmp/CC0pi_20221213/detsys/MPPCNoise/nominal/output/output_mode6.root
/hsm/nu/ninja/pra_tmp/CC0pi_20221213/detsys/MPPCNoise/plus/output/output_mode6.root
/hsm/nu/ninja/pra_tmp/CC0pi_20221213/detsys/MPPCNoise/minus/output/output_mode6.root
/hsm/nu/ninja/pra_tmp/CC0pi_20221213/detsys/MPPCNoise/nominal/output/output_mode6.root
/hsm/nu/ninja/pra_tmp/CC0pi_20221213/detsys/MPPCNoise/plus/output/output_mode6.root
/hsm/nu/ninja/pra_tmp/CC0pi_20221213/detsys/MPPCNoise/minus/output/output_mode6.root
/hsm/nu/ninja/pra_tmp/CC0pi_20221213/detsys/MPPCNoise/nominal/output/output_mode6.root
/hsm/nu/ninja/pra_tmp/CC0pi_20221213/detsys/MPPCNoise/plus/output/output_mode6.root
/hsm/nu/ninja/pra_tmp/CC0pi_20221213/detsys/MPPCNoise/minus/output/output_mode6.root
/hsm/nu/ninja/pra_tmp/CC0pi_20221213/detsys/MPPCNoise/nominal/output/output_mode6.root
/hsm/nu/ninja/pra_tmp/CC0pi_20221213/detsys/MPPCNoise/plus/output/output_mode6.root
/hsm/nu/ninja/pra_tmp/CC0pi_20221213/detsys/MPPCNoise/minus/output/output_mode6.root
/hsm/nu/ninja/pra_tmp/CC0pi_20221213/detsys/MPPCNoise/nominal/output/output_mode7.root
/hsm/nu/ninja/pra_tmp/CC0pi_20221213/detsys/MPPCNoise/plus/output/output_mode7.root
/hsm/nu/ninja/pra_tmp/CC0pi_20221213/detsys/MPPCNoise/minus/output/output_mode7.root

 *** Break *** segmentation violation



===========================================================
There was a crash.
This is the entire stack trace of all threads:
===========================================================
#0  0x00007f8c0773d60c in waitpid () from /usr/lib64/libc.so.6
#1  0x00007f8c076baf62 in do_system () from /usr/lib64/libc.so.6
#2  0x00007f8c0e1738a5 in TUnixSystem::StackTrace() () from /gpfs/home/t2k/odagawa/Programs/ROOT/6-22-02/lib/libCore.so
#3  0x00007f8c0e170f95 in TUnixSystem::DispatchSignals(ESignals) () from /gpfs/home/t2k/odagawa/Programs/ROOT/6-22-02/lib/libCore.so
#4  <signal handler called>
#5  0x00000000004053e7 in main ()
===========================================================


The lines below might hint at the cause of the crash.
You may get help by asking at the ROOT forum http://root.cern.ch/forum
Only if you are really convinced it is a bug in ROOT then please submit a
report at http://root.cern.ch/bugs Please post the ENTIRE stack trace
from above as an attachment in addition to anything else
that might help us fixing this issue.
===========================================================
#5  0x00000000004053e7 in main ()
===========================================================


/hsm/nu/ninja/pra_tmp/detsys/Nominal/output/output_mode0.root
/hsm/nu/ninja/pra_tmp/CC0pi_20221213/detsys/NinjaBabyMindDistance/plus/output/output_mode0.root
/hsm/nu/ninja/pra_tmp/CC0pi_20221213/detsys/NinjaBabyMindDistance/minus/output/output_mode0.root
/hsm/nu/ninja/pra_tmp/detsys/Nominal/output/output_mode0.root
/hsm/nu/ninja/pra_tmp/CC0pi_20221213/detsys/NinjaBabyMindDistance/plus/output/output_mode0.root
/hsm/nu/ninja/pra_tmp/CC0pi_20221213/detsys/NinjaBabyMindDistance/minus/output/output_mode0.root
/hsm/nu/ninja/pra_tmp/detsys/Nominal/output/output_mode0.root
/hsm/nu/ninja/pra_tmp/CC0pi_20221213/detsys/NinjaBabyMindDistance/plus/output/output_mode0.root
/hsm/nu/ninja/pra_tmp/CC0pi_20221213/detsys/NinjaBabyMindDistance/minus/output/output_mode0.root
/hsm/nu/ninja/pra_tmp/detsys/Nominal/output/output_mode2.root
/hsm/nu/ninja/pra_tmp/CC0pi_20221213/detsys/NinjaBabyMindDistance/plus/output/output_mode2.root
/hsm/nu/ninja/pra_tmp/CC0pi_20221213/detsys/NinjaBabyMindDistance/minus/output/output_mode2.root
/hsm/nu/ninja/pra_tmp/detsys/Nominal/output/output_mode2.root
/hsm/nu/ninja/pra_tmp/CC0pi_20221213/detsys/NinjaBabyMindDistance/plus/output/output_mode2.root
/hsm/nu/ninja/pra_tmp/CC0pi_20221213/detsys/NinjaBabyMindDistance/minus/output/output_mode2.root
/hsm/nu/ninja/pra_tmp/detsys/Nominal/output/output_mode2.root
/hsm/nu/ninja/pra_tmp/CC0pi_20221213/detsys/NinjaBabyMindDistance/plus/output/output_mode2.root
/hsm/nu/ninja/pra_tmp/CC0pi_20221213/detsys/NinjaBabyMindDistance/minus/output/output_mode2.root
/hsm/nu/ninja/pra_tmp/detsys/Nominal/output/output_mode2.root
/hsm/nu/ninja/pra_tmp/CC0pi_20221213/detsys/NinjaBabyMindDistance/plus/output/output_mode2.root
/hsm/nu/ninja/pra_tmp/CC0pi_20221213/detsys/NinjaBabyMindDistance/minus/output/output_mode2.root
/hsm/nu/ninja/pra_tmp/detsys/Nominal/output/output_mode2.root
/hsm/nu/ninja/pra_tmp/CC0pi_20221213/detsys/NinjaBabyMindDistance/plus/output/output_mode2.root
/hsm/nu/ninja/pra_tmp/CC0pi_20221213/detsys/NinjaBabyMindDistance/minus/output/output_mode2.root
/hsm/nu/ninja/pra_tmp/detsys/Nominal/output/output_mode2.root
/hsm/nu/ninja/pra_tmp/CC0pi_20221213/detsys/NinjaBabyMindDistance/plus/output/output_mode2.root
/hsm/nu/ninja/pra_tmp/CC0pi_20221213/detsys/NinjaBabyMindDistance/minus/output/output_mode2.root
/hsm/nu/ninja/pra_tmp/detsys/Nominal/output/output_mode2.root
/hsm/nu/ninja/pra_tmp/CC0pi_20221213/detsys/NinjaBabyMindDistance/plus/output/output_mode2.root
/hsm/nu/ninja/pra_tmp/CC0pi_20221213/detsys/NinjaBabyMindDistance/minus/output/output_mode2.root
/hsm/nu/ninja/pra_tmp/detsys/Nominal/output/output_mode2.root
/hsm/nu/ninja/pra_tmp/CC0pi_20221213/detsys/NinjaBabyMindDistance/plus/output/output_mode2.root
/hsm/nu/ninja/pra_tmp/CC0pi_20221213/detsys/NinjaBabyMindDistance/minus/output/output_mode2.root
/hsm/nu/ninja/pra_tmp/detsys/Nominal/output/output_mode2.root
/hsm/nu/ninja/pra_tmp/CC0pi_20221213/detsys/NinjaBabyMindDistance/plus/output/output_mode2.root
/hsm/nu/ninja/pra_tmp/CC0pi_20221213/detsys/NinjaBabyMindDistance/minus/output/output_mode2.root
/hsm/nu/ninja/pra_tmp/detsys/Nominal/output/output_mode3.root
/hsm/nu/ninja/pra_tmp/CC0pi_20221213/detsys/NinjaBabyMindDistance/plus/output/output_mode3.root
/hsm/nu/ninja/pra_tmp/CC0pi_20221213/detsys/NinjaBabyMindDistance/minus/output/output_mode3.root
/hsm/nu/ninja/pra_tmp/detsys/Nominal/output/output_mode3.root
/hsm/nu/ninja/pra_tmp/CC0pi_20221213/detsys/NinjaBabyMindDistance/plus/output/output_mode3.root
/hsm/nu/ninja/pra_tmp/CC0pi_20221213/detsys/NinjaBabyMindDistance/minus/output/output_mode3.root
/hsm/nu/ninja/pra_tmp/detsys/Nominal/output/output_mode3.root
/hsm/nu/ninja/pra_tmp/CC0pi_20221213/detsys/NinjaBabyMindDistance/plus/output/output_mode3.root
/hsm/nu/ninja/pra_tmp/CC0pi_20221213/detsys/NinjaBabyMindDistance/minus/output/output_mode3.root
/hsm/nu/ninja/pra_tmp/detsys/Nominal/output/output_mode0.root
/hsm/nu/ninja/pra_tmp/CC0pi_20221213/detsys/Alignment/plus/output/output_mode0.root
/hsm/nu/ninja/pra_tmp/CC0pi_20221213/detsys/Alignment/plus/output/output_mode0.root
/hsm/nu/ninja/pra_tmp/detsys/Nominal/output/output_mode0.root
/hsm/nu/ninja/pra_tmp/CC0pi_20221213/detsys/Alignment/plus/output/output_mode0.root
/hsm/nu/ninja/pra_tmp/CC0pi_20221213/detsys/Alignment/plus/output/output_mode0.root
/hsm/nu/ninja/pra_tmp/detsys/Nominal/output/output_mode0.root
/hsm/nu/ninja/pra_tmp/CC0pi_20221213/detsys/Alignment/plus/output/output_mode0.root
/hsm/nu/ninja/pra_tmp/CC0pi_20221213/detsys/Alignment/plus/output/output_mode0.root
/hsm/nu/ninja/pra_tmp/detsys/Nominal/output/output_mode2.root
/hsm/nu/ninja/pra_tmp/CC0pi_20221213/detsys/Alignment/plus/output/output_mode2.root
/hsm/nu/ninja/pra_tmp/CC0pi_20221213/detsys/Alignment/plus/output/output_mode2.root
/hsm/nu/ninja/pra_tmp/detsys/Nominal/output/output_mode2.root
/hsm/nu/ninja/pra_tmp/CC0pi_20221213/detsys/Alignment/plus/output/output_mode2.root
/hsm/nu/ninja/pra_tmp/CC0pi_20221213/detsys/Alignment/plus/output/output_mode2.root
/hsm/nu/ninja/pra_tmp/detsys/Nominal/output/output_mode2.root
/hsm/nu/ninja/pra_tmp/CC0pi_20221213/detsys/Alignment/plus/output/output_mode2.root
/hsm/nu/ninja/pra_tmp/CC0pi_20221213/detsys/Alignment/plus/output/output_mode2.root
/hsm/nu/ninja/pra_tmp/detsys/Nominal/output/output_mode2.root
/hsm/nu/ninja/pra_tmp/CC0pi_20221213/detsys/Alignment/plus/output/output_mode2.root
/hsm/nu/ninja/pra_tmp/CC0pi_20221213/detsys/Alignment/plus/output/output_mode2.root
/hsm/nu/ninja/pra_tmp/detsys/Nominal/output/output_mode2.root
/hsm/nu/ninja/pra_tmp/CC0pi_20221213/detsys/Alignment/plus/output/output_mode2.root
/hsm/nu/ninja/pra_tmp/CC0pi_20221213/detsys/Alignment/plus/output/output_mode2.root
/hsm/nu/ninja/pra_tmp/detsys/Nominal/output/output_mode2.root
/hsm/nu/ninja/pra_tmp/CC0pi_20221213/detsys/Alignment/plus/output/output_mode2.root
/hsm/nu/ninja/pra_tmp/CC0pi_20221213/detsys/Alignment/plus/output/output_mode2.root
/hsm/nu/ninja/pra_tmp/detsys/Nominal/output/output_mode2.root
/hsm/nu/ninja/pra_tmp/CC0pi_20221213/detsys/Alignment/plus/output/output_mode2.root
/hsm/nu/ninja/pra_tmp/CC0pi_20221213/detsys/Alignment/plus/output/output_mode2.root
/hsm/nu/ninja/pra_tmp/detsys/Nominal/output/output_mode2.root
/hsm/nu/ninja/pra_tmp/CC0pi_20221213/detsys/Alignment/plus/output/output_mode2.root
/hsm/nu/ninja/pra_tmp/CC0pi_20221213/detsys/Alignment/plus/output/output_mode2.root
/hsm/nu/ninja/pra_tmp/detsys/Nominal/output/output_mode2.root
/hsm/nu/ninja/pra_tmp/CC0pi_20221213/detsys/Alignment/plus/output/output_mode2.root
/hsm/nu/ninja/pra_tmp/CC0pi_20221213/detsys/Alignment/plus/output/output_mode2.root
/hsm/nu/ninja/pra_tmp/detsys/Nominal/output/output_mode3.root
/hsm/nu/ninja/pra_tmp/CC0pi_20221213/detsys/Alignment/plus/output/output_mode3.root
/hsm/nu/ninja/pra_tmp/CC0pi_20221213/detsys/Alignment/plus/output/output_mode3.root
/hsm/nu/ninja/pra_tmp/detsys/Nominal/output/output_mode3.root
/hsm/nu/ninja/pra_tmp/CC0pi_20221213/detsys/Alignment/plus/output/output_mode3.root
/hsm/nu/ninja/pra_tmp/CC0pi_20221213/detsys/Alignment/plus/output/output_mode3.root
/hsm/nu/ninja/pra_tmp/detsys/Nominal/output/output_mode3.root
/hsm/nu/ninja/pra_tmp/CC0pi_20221213/detsys/Alignment/plus/output/output_mode3.root
/hsm/nu/ninja/pra_tmp/CC0pi_20221213/detsys/Alignment/plus/output/output_mode3.root
/hsm/nu/ninja/pra_tmp/detsys/Nominal/output/output_mode0.root
/hsm/nu/ninja/pra_tmp/CC0pi_20221213/detsys/AngularResolution/plus/output/output_mode0.root
/hsm/nu/ninja/pra_tmp/CC0pi_20221213/detsys/AngularResolution/minus/output/output_mode0.root
/hsm/nu/ninja/pra_tmp/detsys/Nominal/output/output_mode0.root
/hsm/nu/ninja/pra_tmp/CC0pi_20221213/detsys/AngularResolution/plus/output/output_mode0.root
/hsm/nu/ninja/pra_tmp/CC0pi_20221213/detsys/AngularResolution/minus/output/output_mode0.root
/hsm/nu/ninja/pra_tmp/detsys/Nominal/output/output_mode0.root
/hsm/nu/ninja/pra_tmp/CC0pi_20221213/detsys/AngularResolution/plus/output/output_mode0.root
/hsm/nu/ninja/pra_tmp/CC0pi_20221213/detsys/AngularResolution/minus/output/output_mode0.root
/hsm/nu/ninja/pra_tmp/detsys/Nominal/output/output_mode2.root
/hsm/nu/ninja/pra_tmp/CC0pi_20221213/detsys/AngularResolution/plus/output/output_mode2.root
/hsm/nu/ninja/pra_tmp/CC0pi_20221213/detsys/AngularResolution/minus/output/output_mode2.root
/hsm/nu/ninja/pra_tmp/detsys/Nominal/output/output_mode2.root
/hsm/nu/ninja/pra_tmp/CC0pi_20221213/detsys/AngularResolution/plus/output/output_mode2.root
/hsm/nu/ninja/pra_tmp/CC0pi_20221213/detsys/AngularResolution/minus/output/output_mode2.root
/hsm/nu/ninja/pra_tmp/detsys/Nominal/output/output_mode2.root
/hsm/nu/ninja/pra_tmp/CC0pi_20221213/detsys/AngularResolution/plus/output/output_mode2.root
/hsm/nu/ninja/pra_tmp/CC0pi_20221213/detsys/AngularResolution/minus/output/output_mode2.root
/hsm/nu/ninja/pra_tmp/detsys/Nominal/output/output_mode2.root
/hsm/nu/ninja/pra_tmp/CC0pi_20221213/detsys/AngularResolution/plus/output/output_mode2.root
/hsm/nu/ninja/pra_tmp/CC0pi_20221213/detsys/AngularResolution/minus/output/output_mode2.root
/hsm/nu/ninja/pra_tmp/detsys/Nominal/output/output_mode2.root
/hsm/nu/ninja/pra_tmp/CC0pi_20221213/detsys/AngularResolution/plus/output/output_mode2.root
/hsm/nu/ninja/pra_tmp/CC0pi_20221213/detsys/AngularResolution/minus/output/output_mode2.root
/hsm/nu/ninja/pra_tmp/detsys/Nominal/output/output_mode2.root
/hsm/nu/ninja/pra_tmp/CC0pi_20221213/detsys/AngularResolution/plus/output/output_mode2.root
/hsm/nu/ninja/pra_tmp/CC0pi_20221213/detsys/AngularResolution/minus/output/output_mode2.root
/hsm/nu/ninja/pra_tmp/detsys/Nominal/output/output_mode2.root
/hsm/nu/ninja/pra_tmp/CC0pi_20221213/detsys/AngularResolution/plus/output/output_mode2.root
/hsm/nu/ninja/pra_tmp/CC0pi_20221213/detsys/AngularResolution/minus/output/output_mode2.root
/hsm/nu/ninja/pra_tmp/detsys/Nominal/output/output_mode2.root
/hsm/nu/ninja/pra_tmp/CC0pi_20221213/detsys/AngularResolution/plus/output/output_mode2.root
/hsm/nu/ninja/pra_tmp/CC0pi_20221213/detsys/AngularResolution/minus/output/output_mode2.root
/hsm/nu/ninja/pra_tmp/detsys/Nominal/output/output_mode2.root
/hsm/nu/ninja/pra_tmp/CC0pi_20221213/detsys/AngularResolution/plus/output/output_mode2.root
/hsm/nu/ninja/pra_tmp/CC0pi_20221213/detsys/AngularResolution/minus/output/output_mode2.root
/hsm/nu/ninja/pra_tmp/detsys/Nominal/output/output_mode3.root
/hsm/nu/ninja/pra_tmp/CC0pi_20221213/detsys/AngularResolution/plus/output/output_mode3.root
/hsm/nu/ninja/pra_tmp/CC0pi_20221213/detsys/AngularResolution/minus/output/output_mode3.root
/hsm/nu/ninja/pra_tmp/detsys/Nominal/output/output_mode3.root
/hsm/nu/ninja/pra_tmp/CC0pi_20221213/detsys/AngularResolution/plus/output/output_mode3.root
/hsm/nu/ninja/pra_tmp/CC0pi_20221213/detsys/AngularResolution/minus/output/output_mode3.root
/hsm/nu/ninja/pra_tmp/detsys/Nominal/output/output_mode3.root
/hsm/nu/ninja/pra_tmp/CC0pi_20221213/detsys/AngularResolution/plus/output/output_mode3.root
/hsm/nu/ninja/pra_tmp/CC0pi_20221213/detsys/AngularResolution/minus/output/output_mode3.root
/hsm/nu/ninja/pra_tmp/detsys/Nominal/output/output_mode0.root
/hsm/nu/ninja/pra_tmp/CC0pi_20221213/detsys/DetectionEfficiency/plus/output/output_mode0.root
/hsm/nu/ninja/pra_tmp/CC0pi_20221213/detsys/DetectionEfficiency/minus/output/output_mode0.root
/hsm/nu/ninja/pra_tmp/detsys/Nominal/output/output_mode0.root
/hsm/nu/ninja/pra_tmp/CC0pi_20221213/detsys/DetectionEfficiency/plus/output/output_mode0.root
/hsm/nu/ninja/pra_tmp/CC0pi_20221213/detsys/DetectionEfficiency/minus/output/output_mode0.root
/hsm/nu/ninja/pra_tmp/detsys/Nominal/output/output_mode0.root
/hsm/nu/ninja/pra_tmp/CC0pi_20221213/detsys/DetectionEfficiency/plus/output/output_mode0.root
/hsm/nu/ninja/pra_tmp/CC0pi_20221213/detsys/DetectionEfficiency/minus/output/output_mode0.root
/hsm/nu/ninja/pra_tmp/detsys/Nominal/output/output_mode2.root
/hsm/nu/ninja/pra_tmp/CC0pi_20221213/detsys/DetectionEfficiency/plus/output/output_mode2.root
/hsm/nu/ninja/pra_tmp/CC0pi_20221213/detsys/DetectionEfficiency/minus/output/output_mode2.root
/hsm/nu/ninja/pra_tmp/detsys/Nominal/output/output_mode2.root
/hsm/nu/ninja/pra_tmp/CC0pi_20221213/detsys/DetectionEfficiency/plus/output/output_mode2.root
/hsm/nu/ninja/pra_tmp/CC0pi_20221213/detsys/DetectionEfficiency/minus/output/output_mode2.root
/hsm/nu/ninja/pra_tmp/detsys/Nominal/output/output_mode2.root
/hsm/nu/ninja/pra_tmp/CC0pi_20221213/detsys/DetectionEfficiency/plus/output/output_mode2.root
/hsm/nu/ninja/pra_tmp/CC0pi_20221213/detsys/DetectionEfficiency/minus/output/output_mode2.root
/hsm/nu/ninja/pra_tmp/detsys/Nominal/output/output_mode2.root
/hsm/nu/ninja/pra_tmp/CC0pi_20221213/detsys/DetectionEfficiency/plus/output/output_mode2.root
/hsm/nu/ninja/pra_tmp/CC0pi_20221213/detsys/DetectionEfficiency/minus/output/output_mode2.root
/hsm/nu/ninja/pra_tmp/detsys/Nominal/output/output_mode2.root
/hsm/nu/ninja/pra_tmp/CC0pi_20221213/detsys/DetectionEfficiency/plus/output/output_mode2.root
/hsm/nu/ninja/pra_tmp/CC0pi_20221213/detsys/DetectionEfficiency/minus/output/output_mode2.root
/hsm/nu/ninja/pra_tmp/detsys/Nominal/output/output_mode2.root
/hsm/nu/ninja/pra_tmp/CC0pi_20221213/detsys/DetectionEfficiency/plus/output/output_mode2.root
/hsm/nu/ninja/pra_tmp/CC0pi_20221213/detsys/DetectionEfficiency/minus/output/output_mode2.root
/hsm/nu/ninja/pra_tmp/detsys/Nominal/output/output_mode2.root
/hsm/nu/ninja/pra_tmp/CC0pi_20221213/detsys/DetectionEfficiency/plus/output/output_mode2.root
/hsm/nu/ninja/pra_tmp/CC0pi_20221213/detsys/DetectionEfficiency/minus/output/output_mode2.root
/hsm/nu/ninja/pra_tmp/detsys/Nominal/output/output_mode2.root
/hsm/nu/ninja/pra_tmp/CC0pi_20221213/detsys/DetectionEfficiency/plus/output/output_mode2.root
/hsm/nu/ninja/pra_tmp/CC0pi_20221213/detsys/DetectionEfficiency/minus/output/output_mode2.root
/hsm/nu/ninja/pra_tmp/detsys/Nominal/output/output_mode2.root
/hsm/nu/ninja/pra_tmp/CC0pi_20221213/detsys/DetectionEfficiency/plus/output/output_mode2.root
/hsm/nu/ninja/pra_tmp/CC0pi_20221213/detsys/DetectionEfficiency/minus/output/output_mode2.root
/hsm/nu/ninja/pra_tmp/detsys/Nominal/output/output_mode3.root
/hsm/nu/ninja/pra_tmp/CC0pi_20221213/detsys/DetectionEfficiency/plus/output/output_mode3.root
/hsm/nu/ninja/pra_tmp/CC0pi_20221213/detsys/DetectionEfficiency/minus/output/output_mode3.root
/hsm/nu/ninja/pra_tmp/detsys/Nominal/output/output_mode3.root
/hsm/nu/ninja/pra_tmp/CC0pi_20221213/detsys/DetectionEfficiency/plus/output/output_mode3.root
/hsm/nu/ninja/pra_tmp/CC0pi_20221213/detsys/DetectionEfficiency/minus/output/output_mode3.root
/hsm/nu/ninja/pra_tmp/detsys/Nominal/output/output_mode3.root
/hsm/nu/ninja/pra_tmp/CC0pi_20221213/detsys/DetectionEfficiency/plus/output/output_mode3.root
/hsm/nu/ninja/pra_tmp/CC0pi_20221213/detsys/DetectionEfficiency/minus/output/output_mode3.root
/hsm/nu/ninja/pra_tmp/detsys/Nominal/output/output_mode0.root
/hsm/nu/ninja/pra_tmp/CC0pi_20221213/detsys/DetectionEfficiency/plus/output/output_mode0.root
/hsm/nu/ninja/pra_tmp/CC0pi_20221213/detsys/DetectionEfficiency/minus/output/output_mode0.root
/hsm/nu/ninja/pra_tmp/detsys/Nominal/output/output_mode0.root
/hsm/nu/ninja/pra_tmp/CC0pi_20221213/detsys/DetectionEfficiency/plus/output/output_mode0.root
/hsm/nu/ninja/pra_tmp/CC0pi_20221213/detsys/DetectionEfficiency/minus/output/output_mode0.root
/hsm/nu/ninja/pra_tmp/detsys/Nominal/output/output_mode0.root
/hsm/nu/ninja/pra_tmp/CC0pi_20221213/detsys/DetectionEfficiency/plus/output/output_mode0.root
/hsm/nu/ninja/pra_tmp/CC0pi_20221213/detsys/DetectionEfficiency/minus/output/output_mode0.root
/hsm/nu/ninja/pra_tmp/detsys/Nominal/output/output_mode2.root
/hsm/nu/ninja/pra_tmp/CC0pi_20221213/detsys/DetectionEfficiency/plus/output/output_mode2.root
/hsm/nu/ninja/pra_tmp/CC0pi_20221213/detsys/DetectionEfficiency/minus/output/output_mode2.root
/hsm/nu/ninja/pra_tmp/detsys/Nominal/output/output_mode2.root
/hsm/nu/ninja/pra_tmp/CC0pi_20221213/detsys/DetectionEfficiency/plus/output/output_mode2.root
/hsm/nu/ninja/pra_tmp/CC0pi_20221213/detsys/DetectionEfficiency/minus/output/output_mode2.root
/hsm/nu/ninja/pra_tmp/detsys/Nominal/output/output_mode2.root
/hsm/nu/ninja/pra_tmp/CC0pi_20221213/detsys/DetectionEfficiency/plus/output/output_mode2.root
/hsm/nu/ninja/pra_tmp/CC0pi_20221213/detsys/DetectionEfficiency/minus/output/output_mode2.root
/hsm/nu/ninja/pra_tmp/detsys/Nominal/output/output_mode2.root
/hsm/nu/ninja/pra_tmp/CC0pi_20221213/detsys/DetectionEfficiency/plus/output/output_mode2.root
/hsm/nu/ninja/pra_tmp/CC0pi_20221213/detsys/DetectionEfficiency/minus/output/output_mode2.root
/hsm/nu/ninja/pra_tmp/detsys/Nominal/output/output_mode2.root
/hsm/nu/ninja/pra_tmp/CC0pi_20221213/detsys/DetectionEfficiency/plus/output/output_mode2.root
/hsm/nu/ninja/pra_tmp/CC0pi_20221213/detsys/DetectionEfficiency/minus/output/output_mode2.root
/hsm/nu/ninja/pra_tmp/detsys/Nominal/output/output_mode2.root
/hsm/nu/ninja/pra_tmp/CC0pi_20221213/detsys/DetectionEfficiency/plus/output/output_mode2.root
/hsm/nu/ninja/pra_tmp/CC0pi_20221213/detsys/DetectionEfficiency/minus/output/output_mode2.root
/hsm/nu/ninja/pra_tmp/detsys/Nominal/output/output_mode2.root
/hsm/nu/ninja/pra_tmp/CC0pi_20221213/detsys/DetectionEfficiency/plus/output/output_mode2.root
/hsm/nu/ninja/pra_tmp/CC0pi_20221213/detsys/DetectionEfficiency/minus/output/output_mode2.root
/hsm/nu/ninja/pra_tmp/detsys/Nominal/output/output_mode2.root
/hsm/nu/ninja/pra_tmp/CC0pi_20221213/detsys/DetectionEfficiency/plus/output/output_mode2.root
/hsm/nu/ninja/pra_tmp/CC0pi_20221213/detsys/DetectionEfficiency/minus/output/output_mode2.root
/hsm/nu/ninja/pra_tmp/detsys/Nominal/output/output_mode2.root
/hsm/nu/ninja/pra_tmp/CC0pi_20221213/detsys/DetectionEfficiency/plus/output/output_mode2.root
/hsm/nu/ninja/pra_tmp/CC0pi_20221213/detsys/DetectionEfficiency/minus/output/output_mode2.root
/hsm/nu/ninja/pra_tmp/detsys/Nominal/output/output_mode3.root
/hsm/nu/ninja/pra_tmp/CC0pi_20221213/detsys/DetectionEfficiency/plus/output/output_mode3.root
/hsm/nu/ninja/pra_tmp/CC0pi_20221213/detsys/DetectionEfficiency/minus/output/output_mode3.root
/hsm/nu/ninja/pra_tmp/detsys/Nominal/output/output_mode3.root
/hsm/nu/ninja/pra_tmp/CC0pi_20221213/detsys/DetectionEfficiency/plus/output/output_mode3.root
/hsm/nu/ninja/pra_tmp/CC0pi_20221213/detsys/DetectionEfficiency/minus/output/output_mode3.root
/hsm/nu/ninja/pra_tmp/detsys/Nominal/output/output_mode3.root
/hsm/nu/ninja/pra_tmp/CC0pi_20221213/detsys/DetectionEfficiency/plus/output/output_mode3.root
/hsm/nu/ninja/pra_tmp/CC0pi_20221213/detsys/DetectionEfficiency/minus/output/output_mode3.root
/hsm/nu/ninja/pra_tmp/detsys/Nominal/output/output_mode0.root
/hsm/nu/ninja/pra_tmp/CC0pi_20221213/detsys/VphMean/plus/output/output_mode0.root
/hsm/nu/ninja/pra_tmp/CC0pi_20221213/detsys/VphMean/minus/output/output_mode0.root
/hsm/nu/ninja/pra_tmp/detsys/Nominal/output/output_mode0.root
/hsm/nu/ninja/pra_tmp/CC0pi_20221213/detsys/VphMean/plus/output/output_mode0.root
/hsm/nu/ninja/pra_tmp/CC0pi_20221213/detsys/VphMean/minus/output/output_mode0.root
/hsm/nu/ninja/pra_tmp/detsys/Nominal/output/output_mode0.root
/hsm/nu/ninja/pra_tmp/CC0pi_20221213/detsys/VphMean/plus/output/output_mode0.root
/hsm/nu/ninja/pra_tmp/CC0pi_20221213/detsys/VphMean/minus/output/output_mode0.root
/hsm/nu/ninja/pra_tmp/detsys/Nominal/output/output_mode2.root
/hsm/nu/ninja/pra_tmp/CC0pi_20221213/detsys/VphMean/plus/output/output_mode2.root
/hsm/nu/ninja/pra_tmp/CC0pi_20221213/detsys/VphMean/minus/output/output_mode2.root
/hsm/nu/ninja/pra_tmp/detsys/Nominal/output/output_mode2.root
/hsm/nu/ninja/pra_tmp/CC0pi_20221213/detsys/VphMean/plus/output/output_mode2.root
/hsm/nu/ninja/pra_tmp/CC0pi_20221213/detsys/VphMean/minus/output/output_mode2.root
/hsm/nu/ninja/pra_tmp/detsys/Nominal/output/output_mode2.root
/hsm/nu/ninja/pra_tmp/CC0pi_20221213/detsys/VphMean/plus/output/output_mode2.root
/hsm/nu/ninja/pra_tmp/CC0pi_20221213/detsys/VphMean/minus/output/output_mode2.root
/hsm/nu/ninja/pra_tmp/detsys/Nominal/output/output_mode2.root
/hsm/nu/ninja/pra_tmp/CC0pi_20221213/detsys/VphMean/plus/output/output_mode2.root
/hsm/nu/ninja/pra_tmp/CC0pi_20221213/detsys/VphMean/minus/output/output_mode2.root
/hsm/nu/ninja/pra_tmp/detsys/Nominal/output/output_mode2.root
/hsm/nu/ninja/pra_tmp/CC0pi_20221213/detsys/VphMean/plus/output/output_mode2.root
/hsm/nu/ninja/pra_tmp/CC0pi_20221213/detsys/VphMean/minus/output/output_mode2.root
/hsm/nu/ninja/pra_tmp/detsys/Nominal/output/output_mode2.root
/hsm/nu/ninja/pra_tmp/CC0pi_20221213/detsys/VphMean/plus/output/output_mode2.root
/hsm/nu/ninja/pra_tmp/CC0pi_20221213/detsys/VphMean/minus/output/output_mode2.root
/hsm/nu/ninja/pra_tmp/detsys/Nominal/output/output_mode2.root
/hsm/nu/ninja/pra_tmp/CC0pi_20221213/detsys/VphMean/plus/output/output_mode2.root
/hsm/nu/ninja/pra_tmp/CC0pi_20221213/detsys/VphMean/minus/output/output_mode2.root
/hsm/nu/ninja/pra_tmp/detsys/Nominal/output/output_mode2.root
/hsm/nu/ninja/pra_tmp/CC0pi_20221213/detsys/VphMean/plus/output/output_mode2.root
/hsm/nu/ninja/pra_tmp/CC0pi_20221213/detsys/VphMean/minus/output/output_mode2.root
/hsm/nu/ninja/pra_tmp/detsys/Nominal/output/output_mode2.root
/hsm/nu/ninja/pra_tmp/CC0pi_20221213/detsys/VphMean/plus/output/output_mode2.root
/hsm/nu/ninja/pra_tmp/CC0pi_20221213/detsys/VphMean/minus/output/output_mode2.root
/hsm/nu/ninja/pra_tmp/detsys/Nominal/output/output_mode3.root
/hsm/nu/ninja/pra_tmp/CC0pi_20221213/detsys/VphMean/plus/output/output_mode3.root
/hsm/nu/ninja/pra_tmp/CC0pi_20221213/detsys/VphMean/minus/output/output_mode3.root
/hsm/nu/ninja/pra_tmp/detsys/Nominal/output/output_mode3.root
/hsm/nu/ninja/pra_tmp/CC0pi_20221213/detsys/VphMean/plus/output/output_mode3.root
/hsm/nu/ninja/pra_tmp/CC0pi_20221213/detsys/VphMean/minus/output/output_mode3.root
/hsm/nu/ninja/pra_tmp/detsys/Nominal/output/output_mode3.root
/hsm/nu/ninja/pra_tmp/CC0pi_20221213/detsys/VphMean/plus/output/output_mode3.root
/hsm/nu/ninja/pra_tmp/CC0pi_20221213/detsys/VphMean/minus/output/output_mode3.root
/hsm/nu/ninja/pra_tmp/detsys/Nominal/output/output_mode0.root
/hsm/nu/ninja/pra_tmp/CC0pi_20221213/detsys/VphSigma/plus/output/output_mode0.root
/hsm/nu/ninja/pra_tmp/CC0pi_20221213/detsys/VphSigma/minus/output/output_mode0.root
/hsm/nu/ninja/pra_tmp/detsys/Nominal/output/output_mode0.root
/hsm/nu/ninja/pra_tmp/CC0pi_20221213/detsys/VphSigma/plus/output/output_mode0.root
/hsm/nu/ninja/pra_tmp/CC0pi_20221213/detsys/VphSigma/minus/output/output_mode0.root
/hsm/nu/ninja/pra_tmp/detsys/Nominal/output/output_mode0.root
/hsm/nu/ninja/pra_tmp/CC0pi_20221213/detsys/VphSigma/plus/output/output_mode0.root
/hsm/nu/ninja/pra_tmp/CC0pi_20221213/detsys/VphSigma/minus/output/output_mode0.root
/hsm/nu/ninja/pra_tmp/detsys/Nominal/output/output_mode2.root
/hsm/nu/ninja/pra_tmp/CC0pi_20221213/detsys/VphSigma/plus/output/output_mode2.root
/hsm/nu/ninja/pra_tmp/CC0pi_20221213/detsys/VphSigma/minus/output/output_mode2.root
/hsm/nu/ninja/pra_tmp/detsys/Nominal/output/output_mode2.root
/hsm/nu/ninja/pra_tmp/CC0pi_20221213/detsys/VphSigma/plus/output/output_mode2.root
/hsm/nu/ninja/pra_tmp/CC0pi_20221213/detsys/VphSigma/minus/output/output_mode2.root
/hsm/nu/ninja/pra_tmp/detsys/Nominal/output/output_mode2.root
/hsm/nu/ninja/pra_tmp/CC0pi_20221213/detsys/VphSigma/plus/output/output_mode2.root
/hsm/nu/ninja/pra_tmp/CC0pi_20221213/detsys/VphSigma/minus/output/output_mode2.root
/hsm/nu/ninja/pra_tmp/detsys/Nominal/output/output_mode2.root
/hsm/nu/ninja/pra_tmp/CC0pi_20221213/detsys/VphSigma/plus/output/output_mode2.root
/hsm/nu/ninja/pra_tmp/CC0pi_20221213/detsys/VphSigma/minus/output/output_mode2.root
/hsm/nu/ninja/pra_tmp/detsys/Nominal/output/output_mode2.root
/hsm/nu/ninja/pra_tmp/CC0pi_20221213/detsys/VphSigma/plus/output/output_mode2.root
/hsm/nu/ninja/pra_tmp/CC0pi_20221213/detsys/VphSigma/minus/output/output_mode2.root
/hsm/nu/ninja/pra_tmp/detsys/Nominal/output/output_mode2.root
/hsm/nu/ninja/pra_tmp/CC0pi_20221213/detsys/VphSigma/plus/output/output_mode2.root
/hsm/nu/ninja/pra_tmp/CC0pi_20221213/detsys/VphSigma/minus/output/output_mode2.root
/hsm/nu/ninja/pra_tmp/detsys/Nominal/output/output_mode2.root
/hsm/nu/ninja/pra_tmp/CC0pi_20221213/detsys/VphSigma/plus/output/output_mode2.root
/hsm/nu/ninja/pra_tmp/CC0pi_20221213/detsys/VphSigma/minus/output/output_mode2.root
/hsm/nu/ninja/pra_tmp/detsys/Nominal/output/output_mode2.root
/hsm/nu/ninja/pra_tmp/CC0pi_20221213/detsys/VphSigma/plus/output/output_mode2.root
/hsm/nu/ninja/pra_tmp/CC0pi_20221213/detsys/VphSigma/minus/output/output_mode2.root
/hsm/nu/ninja/pra_tmp/detsys/Nominal/output/output_mode2.root
/hsm/nu/ninja/pra_tmp/CC0pi_20221213/detsys/VphSigma/plus/output/output_mode2.root
/hsm/nu/ninja/pra_tmp/CC0pi_20221213/detsys/VphSigma/minus/output/output_mode2.root
/hsm/nu/ninja/pra_tmp/detsys/Nominal/output/output_mode3.root
/hsm/nu/ninja/pra_tmp/CC0pi_20221213/detsys/VphSigma/plus/output/output_mode3.root
/hsm/nu/ninja/pra_tmp/CC0pi_20221213/detsys/VphSigma/minus/output/output_mode3.root
/hsm/nu/ninja/pra_tmp/detsys/Nominal/output/output_mode3.root
/hsm/nu/ninja/pra_tmp/CC0pi_20221213/detsys/VphSigma/plus/output/output_mode3.root
/hsm/nu/ninja/pra_tmp/CC0pi_20221213/detsys/VphSigma/minus/output/output_mode3.root
/hsm/nu/ninja/pra_tmp/detsys/Nominal/output/output_mode3.root
/hsm/nu/ninja/pra_tmp/CC0pi_20221213/detsys/VphSigma/plus/output/output_mode3.root
/hsm/nu/ninja/pra_tmp/CC0pi_20221213/detsys/VphSigma/minus/output/output_mode3.root
/hsm/nu/ninja/pra_tmp/detsys/Nominal/output/output_mode0.root
/hsm/nu/ninja/pra_tmp/CC0pi_20221213/detsys/PhysicsList/plus/output/output_mode0.root
/hsm/nu/ninja/pra_tmp/CC0pi_20221213/detsys/PhysicsList/minus/output/output_mode0.root
/hsm/nu/ninja/pra_tmp/detsys/Nominal/output/output_mode0.root
/hsm/nu/ninja/pra_tmp/CC0pi_20221213/detsys/PhysicsList/plus/output/output_mode0.root
/hsm/nu/ninja/pra_tmp/CC0pi_20221213/detsys/PhysicsList/minus/output/output_mode0.root
/hsm/nu/ninja/pra_tmp/detsys/Nominal/output/output_mode0.root
/hsm/nu/ninja/pra_tmp/CC0pi_20221213/detsys/PhysicsList/plus/output/output_mode0.root
/hsm/nu/ninja/pra_tmp/CC0pi_20221213/detsys/PhysicsList/minus/output/output_mode0.root
/hsm/nu/ninja/pra_tmp/detsys/Nominal/output/output_mode2.root
/hsm/nu/ninja/pra_tmp/CC0pi_20221213/detsys/PhysicsList/plus/output/output_mode2.root
/hsm/nu/ninja/pra_tmp/CC0pi_20221213/detsys/PhysicsList/minus/output/output_mode2.root
/hsm/nu/ninja/pra_tmp/detsys/Nominal/output/output_mode2.root
/hsm/nu/ninja/pra_tmp/CC0pi_20221213/detsys/PhysicsList/plus/output/output_mode2.root
/hsm/nu/ninja/pra_tmp/CC0pi_20221213/detsys/PhysicsList/minus/output/output_mode2.root
/hsm/nu/ninja/pra_tmp/detsys/Nominal/output/output_mode2.root
/hsm/nu/ninja/pra_tmp/CC0pi_20221213/detsys/PhysicsList/plus/output/output_mode2.root
/hsm/nu/ninja/pra_tmp/CC0pi_20221213/detsys/PhysicsList/minus/output/output_mode2.root
/hsm/nu/ninja/pra_tmp/detsys/Nominal/output/output_mode2.root
/hsm/nu/ninja/pra_tmp/CC0pi_20221213/detsys/PhysicsList/plus/output/output_mode2.root
/hsm/nu/ninja/pra_tmp/CC0pi_20221213/detsys/PhysicsList/minus/output/output_mode2.root
/hsm/nu/ninja/pra_tmp/detsys/Nominal/output/output_mode2.root
/hsm/nu/ninja/pra_tmp/CC0pi_20221213/detsys/PhysicsList/plus/output/output_mode2.root
/hsm/nu/ninja/pra_tmp/CC0pi_20221213/detsys/PhysicsList/minus/output/output_mode2.root
/hsm/nu/ninja/pra_tmp/detsys/Nominal/output/output_mode2.root
/hsm/nu/ninja/pra_tmp/CC0pi_20221213/detsys/PhysicsList/plus/output/output_mode2.root
/hsm/nu/ninja/pra_tmp/CC0pi_20221213/detsys/PhysicsList/minus/output/output_mode2.root
/hsm/nu/ninja/pra_tmp/detsys/Nominal/output/output_mode2.root
/hsm/nu/ninja/pra_tmp/CC0pi_20221213/detsys/PhysicsList/plus/output/output_mode2.root
/hsm/nu/ninja/pra_tmp/CC0pi_20221213/detsys/PhysicsList/minus/output/output_mode2.root
/hsm/nu/ninja/pra_tmp/detsys/Nominal/output/output_mode2.root
/hsm/nu/ninja/pra_tmp/CC0pi_20221213/detsys/PhysicsList/plus/output/output_mode2.root
/hsm/nu/ninja/pra_tmp/CC0pi_20221213/detsys/PhysicsList/minus/output/output_mode2.root
/hsm/nu/ninja/pra_tmp/detsys/Nominal/output/output_mode2.root
/hsm/nu/ninja/pra_tmp/CC0pi_20221213/detsys/PhysicsList/plus/output/output_mode2.root
/hsm/nu/ninja/pra_tmp/CC0pi_20221213/detsys/PhysicsList/minus/output/output_mode2.root
/hsm/nu/ninja/pra_tmp/detsys/Nominal/output/output_mode3.root
/hsm/nu/ninja/pra_tmp/CC0pi_20221213/detsys/PhysicsList/plus/output/output_mode3.root
/hsm/nu/ninja/pra_tmp/CC0pi_20221213/detsys/PhysicsList/minus/output/output_mode3.root
/hsm/nu/ninja/pra_tmp/detsys/Nominal/output/output_mode3.root
/hsm/nu/ninja/pra_tmp/CC0pi_20221213/detsys/PhysicsList/plus/output/output_mode3.root
/hsm/nu/ninja/pra_tmp/CC0pi_20221213/detsys/PhysicsList/minus/output/output_mode3.root
/hsm/nu/ninja/pra_tmp/detsys/Nominal/output/output_mode3.root
/hsm/nu/ninja/pra_tmp/CC0pi_20221213/detsys/PhysicsList/plus/output/output_mode3.root
/hsm/nu/ninja/pra_tmp/CC0pi_20221213/detsys/PhysicsList/minus/output/output_mode3.root
